INFO [2024-12-12 18:05:38] $x
INFO [2024-12-12 18:05:38] list(Genes1 = pro_d34, Genes2 = pro_d38)
INFO [2024-12-12 18:05:38] 
INFO [2024-12-12 18:05:38] $category.names
INFO [2024-12-12 18:05:38] c("Day 32", "Day 42")
INFO [2024-12-12 18:05:38] 
INFO [2024-12-12 18:05:38] $filename
INFO [2024-12-12 18:05:38] NULL
INFO [2024-12-12 18:05:38] 
INFO [2024-12-12 18:05:38] $output
INFO [2024-12-12 18:05:38] [1] TRUE
INFO [2024-12-12 18:05:38] 
INFO [2024-12-12 18:05:38] $fill
INFO [2024-12-12 18:05:38] c("skyblue", "lightgreen")
INFO [2024-12-12 18:05:38] 
INFO [2024-12-12 18:05:38] $alpha
INFO [2024-12-12 18:05:38] [1] 0.5
INFO [2024-12-12 18:05:38] 
INFO [2024-12-12 18:05:38] $cat.col
INFO [2024-12-12 18:05:38] c("black", "black")
INFO [2024-12-12 18:05:38] 
INFO [2024-12-12 18:05:38] $cat.cex
INFO [2024-12-12 18:05:38] [1] 1.5
INFO [2024-12-12 18:05:38] 
INFO [2024-12-12 18:05:38] $cex
INFO [2024-12-12 18:05:38] [1] 2
INFO [2024-12-12 18:05:38] 
INFO [2024-12-12 18:05:38] $lwd
INFO [2024-12-12 18:05:38] [1] 3
INFO [2024-12-12 18:05:38] 
INFO [2024-12-12 18:05:38] $col
INFO [2024-12-12 18:05:38] [1] "black"
INFO [2024-12-12 18:05:38] 
