INFO [2024-12-12 18:06:11] $x
INFO [2024-12-12 18:06:11] list(Genes1 = pro_d34, Genes2 = pro_d38)
INFO [2024-12-12 18:06:11] 
INFO [2024-12-12 18:06:11] $category.names
INFO [2024-12-12 18:06:11] c("Day 32", "Day 42")
INFO [2024-12-12 18:06:11] 
INFO [2024-12-12 18:06:11] $filename
INFO [2024-12-12 18:06:11] NULL
INFO [2024-12-12 18:06:11] 
INFO [2024-12-12 18:06:11] $output
INFO [2024-12-12 18:06:11] [1] TRUE
INFO [2024-12-12 18:06:11] 
INFO [2024-12-12 18:06:11] $fill
INFO [2024-12-12 18:06:11] c("skyblue", "lightgreen")
INFO [2024-12-12 18:06:11] 
INFO [2024-12-12 18:06:11] $alpha
INFO [2024-12-12 18:06:11] [1] 0.5
INFO [2024-12-12 18:06:11] 
INFO [2024-12-12 18:06:11] $cat.col
INFO [2024-12-12 18:06:11] c("black", "black")
INFO [2024-12-12 18:06:11] 
INFO [2024-12-12 18:06:11] $cat.cex
INFO [2024-12-12 18:06:11] [1] 1.5
INFO [2024-12-12 18:06:11] 
INFO [2024-12-12 18:06:11] $cex
INFO [2024-12-12 18:06:11] [1] 2
INFO [2024-12-12 18:06:11] 
INFO [2024-12-12 18:06:11] $lwd
INFO [2024-12-12 18:06:11] [1] 3
INFO [2024-12-12 18:06:11] 
INFO [2024-12-12 18:06:11] $col
INFO [2024-12-12 18:06:11] [1] "black"
INFO [2024-12-12 18:06:11] 
